---------------------------------------
Begin Slurm Prolog: Apr-16-2024 17:56:09
Job ID:    593812
User ID:   zwang3444
Account:   ece
Job name:  pa2
Partition: coc-cpu
---------------------------------------
Running srun -n 16 ./spmat 2000 0.01 0 spmat_out
Time elapsed: 0.004469s
Running srun -n 16 ./spmat 4000 0.01 0 spmat_out
Time elapsed: 0.016272s
Running srun -n 16 ./spmat 8000 0.01 0 spmat_out
Time elapsed: 0.085985s
Running srun -n 2 ./spmat 10000 0.1 0 spmat_out
Time elapsed: 48.341678s
Running srun -n 4 ./spmat 10000 0.1 0 spmat_out
Time elapsed: 23.667061s
Running srun -n 8 ./spmat 10000 0.1 0 spmat_out
Time elapsed: 14.148114s
Running srun -n 16 ./spmat 10000 0.1 0 spmat_out
Time elapsed: 3.478645s
Running srun -n 2 ./spmat 10000 0.01 0 spmat_out
Time elapsed: 0.798198s
Running srun -n 4 ./spmat 10000 0.01 0 spmat_out
Time elapsed: 0.437899s
Running srun -n 8 ./spmat 10000 0.01 0 spmat_out
Time elapsed: 0.266174s
Running srun -n 16 ./spmat 10000 0.01 0 spmat_out
Time elapsed: 0.149984s
Running srun -n 2 ./spmat 10000 0.001 0 spmat_out
Time elapsed: 0.104390s
Running srun -n 4 ./spmat 10000 0.001 0 spmat_out
Time elapsed: 0.064169s
Running srun -n 8 ./spmat 10000 0.001 0 spmat_out
Time elapsed: 0.033830s
Running srun -n 16 ./spmat 10000 0.001 0 spmat_out
Time elapsed: 0.020470s
---------------------------------------
Begin Slurm Epilog: Apr-16-2024 17:58:15
Job ID:        593812
Array Job ID:  _4294967294
User ID:       zwang3444
Account:       ece
Job name:      pa2
Resources:     cpu=16,mem=64G,node=1
Rsrc Used:     cput=00:33:36,vmem=5428K,walltime=00:02:06,mem=5420K,energy_used=0
Partition:     coc-cpu
Nodes:         atl1-1-02-003-19-1
---------------------------------------
